<?xml version="1.0" encoding="UTF-8"?>
<!-- Generated by org.testng.reporters.JUnitReportReporter -->
<testsuite hostname="Shravan" failures="0" tests="1" name="com.AI.tests.TD" time="14.792" errors="0" timestamp="2024-06-05T22:19:00 IST" skipped="0">
  <testcase classname="com.AI.tests.TD" name="getalllinks" time="14.792"/>
</testsuite> <!-- com.AI.tests.TD -->
