<?xml version="1.0" encoding="UTF-8"?>
<!-- Generated by org.testng.reporters.JUnitReportReporter -->
<testsuite hostname="Shravan" failures="0" tests="4" name="com.AI.tests.InternetTest" time="19.830" errors="0" timestamp="2024-05-21T20:01:39 IST" skipped="3">
  <testcase classname="com.AI.tests.InternetTest" name="checkboxes" time="19.830"/>
  <testcase classname="com.AI.tests.InternetTest" name="abtest">
    <skipped/>
  </testcase> <!-- abtest -->
  <testcase classname="com.AI.tests.InternetTest" name="dragNdrop">
    <skipped/>
  </testcase> <!-- dragNdrop -->
  <testcase classname="com.AI.tests.InternetTest" name="addelement">
    <skipped/>
  </testcase> <!-- addelement -->
</testsuite> <!-- com.AI.tests.InternetTest -->
