<?xml version="1.0" encoding="UTF-8"?>
<!-- Generated by org.testng.reporters.JUnitReportReporter -->
<testsuite hostname="Shravan" failures="0" tests="3" name="com.AI.tests.InternetTest" time="24.292" errors="0" timestamp="2024-05-21T13:48:59 IST" skipped="2">
  <testcase classname="com.AI.tests.InternetTest" name="addelement" time="24.292"/>
  <testcase classname="com.AI.tests.InternetTest" name="dragNdrop">
    <skipped/>
  </testcase> <!-- dragNdrop -->
  <testcase classname="com.AI.tests.InternetTest" name="abtest">
    <skipped/>
  </testcase> <!-- abtest -->
</testsuite> <!-- com.AI.tests.InternetTest -->
