<?xml version="1.0" encoding="UTF-8"?>
<!-- Generated by org.testng.reporters.JUnitReportReporter -->
<testsuite hostname="DESKTOP-7155NU9" failures="0" tests="1" name="com.AI.tests.HomepageTest" time="9.613" errors="0" timestamp="2023-01-12T15:05:30 IST" skipped="0">
  <testcase classname="com.AI.tests.HomepageTest" name="test3" time="9.613"/>
  <system-out/>
</testsuite> <!-- com.AI.tests.HomepageTest -->
