<?xml version="1.0" encoding="UTF-8"?>
<!-- Generated by org.testng.reporters.JUnitReportReporter -->
<testsuite hostname="Shravan" failures="0" tests="4" name="com.AI.tests.InternetTest" time="101.402" errors="0" timestamp="2024-05-30T10:35:31 IST" skipped="1">
  <testcase classname="com.AI.tests.InternetTest" name="checkboxes" time="24.280"/>
  <testcase classname="com.AI.tests.InternetTest" name="abtest" time="40.386"/>
  <testcase classname="com.AI.tests.InternetTest" name="addelement" time="36.736"/>
  <testcase classname="com.AI.tests.InternetTest" name="dragNdrop">
    <skipped/>
  </testcase> <!-- dragNdrop -->
</testsuite> <!-- com.AI.tests.InternetTest -->
