<?xml version="1.0" encoding="UTF-8"?>
<!-- Generated by org.testng.reporters.JUnitReportReporter -->
<testsuite hostname="Shravan" failures="0" tests="2" name="com.AI.tests.GainerTest" time="52.325" errors="0" timestamp="2024-05-31T17:44:23 IST" skipped="1">
  <testcase classname="com.AI.tests.GainerTest" name="getcompanynameandcurrencyprice" time="52.325"/>
  <testcase classname="com.AI.tests.GainerTest" name="gainerTest">
    <skipped/>
  </testcase> <!-- gainerTest -->
</testsuite> <!-- com.AI.tests.GainerTest -->
